<?xml version="1.0" encoding="UTF-8"?>
<beans xmlns="http://www.springframework.org/schema/beans"
	xmlns:xsi="http://www.w3.org/2001/XMLSchema-instance" xmlns:context="http://www.springframework.org/schema/context"
	xmlns:cache="http://www.springframework.org/schema/cache" xmlns:p="http://www.springframework.org/schema/p"
	xmlns:tx="http://www.springframework.org/schema/tx" xmlns:aop="http://www.springframework.org/schema/aop"
	xsi:schemaLocation="
		http://www.springframework.org/schema/beans
		http://www.springframework.org/schema/beans/spring-beans.xsd
		http://www.springframework.org/schema/context 
		http://www.springframework.org/schema/context/spring-context.xsd
		http://www.springframework.org/schema/cache 
		http://www.springframework.org/schema/cache/spring-cache.xsd
		http://www.springframework.org/schema/tx
        http://www.springframework.org/schema/tx/spring-tx.xsd
        http://www.springframework.org/schema/aop
        http://www.springframework.org/schema/aop/spring-aop.xsd">

	<bean
		class="org.springframework.beans.factory.config.PropertyPlaceholderConfigurer"
		p:ignoreResourceNotFound="true" p:ignoreUnresolvablePlaceholders="true">
		<property name="locations">
			<list>
				<!-- Default configuration values -->
				<value>classpath:test-dbconnection.properties</value>
				<!-- Deployment-specific configuration values that override defaults -->
				<value>file:test-dbconnection.properties</value>
			</list>
		</property>
	</bean>

	<context:annotation-config />

	<tx:annotation-driven transaction-manager="transactionManager" />

	<bean id="transactionManager"
		class="org.springframework.jdbc.datasource.DataSourceTransactionManager">
		<property name="dataSource" ref="dataSource" />
	</bean>

	<import resource="test-datasource.xml"/>

	<bean id="appAliasDao"
		class="org.summerb.microservices.properties.impl.dao.impl.StringIdAliasDaoImpl">
		<property name="dataSource" ref="dataSource" />
		<property name="tableName" value="props_alias_app" />
	</bean>

	<bean id="domainAliasDao"
		class="org.summerb.microservices.properties.impl.dao.impl.StringIdAliasDaoImpl">
		<property name="dataSource" ref="dataSource" />
		<property name="tableName" value="props_alias_domain" />
	</bean>

	<bean id="propertyNameAliasDao"
		class="org.summerb.microservices.properties.impl.dao.impl.StringIdAliasDaoImpl">
		<property name="dataSource" ref="dataSource" />
		<property name="tableName" value="props_alias_name" />
	</bean>

	<bean id="appAliasService"
		class="org.summerb.microservices.properties.impl.StringIdAliasServiceEagerImpl">
		<property name="stringIdAliasDao" ref="appAliasDao" />
	</bean>

	<bean id="domainAliasService"
		class="org.summerb.microservices.properties.impl.StringIdAliasServiceEagerImpl">
		<property name="stringIdAliasDao" ref="domainAliasDao" />
	</bean>

	<bean id="propertyNameAliasService"
		class="org.summerb.microservices.properties.impl.StringIdAliasServiceEagerImpl">
		<property name="stringIdAliasDao" ref="propertyNameAliasDao" />
	</bean>

	<bean id="propertyDaoImpl"
		class="org.summerb.microservices.properties.impl.dao.impl.PropertyDaoImpl">
		<property name="dataSource" ref="dataSource" />
	</bean>

	<bean id="propertyService"
		class="org.summerb.microservices.properties.impl.PropertyServiceImpl">
		<property name="propertyDao" ref="propertyDaoImpl" />
		<property name="appNameAlias" ref="appAliasService" />
		<property name="domainNameAlias" ref="domainAliasService" />
		<property name="propertyNameAlias" ref="propertyNameAliasService" />
	</bean>

</beans>


